<?xml version="1.0" encoding="UTF-8"?>
<!-- Generated by org.testng.reporters.JUnitReportReporter -->
<testsuite skipped="0" hostname="ABC" name="readdata.dataexl" tests="1" failures="0" timestamp="22 Nov 2018 18:13:47 GMT" time="2.360" errors="0">
  <testcase name="exlread" time="2.360" classname="readdata.dataexl"/>
</testsuite> <!-- readdata.dataexl -->
